<?xml version="1.0" encoding="UTF-8"?>
<testng-results skipped="0" failed="0" ignored="0" total="3" passed="3">
  <reporter-output>
    <line>
      <![CDATA[Launching...https://opensource-demo.orangehrmlive.com/]]>
    </line>
    <line>
      <![CDATA[Launching...https://opensource-demo.orangehrmlive.com/]]>
    </line>
    <line>
      <![CDATA[Launching...https://opensource-demo.orangehrmlive.com/]]>
    </line>
    <line>
      <![CDATA[Login into Orange open source]]>
    </line>
    <line>
      <![CDATA[Login into Orange open source]]>
    </line>
    <line>
      <![CDATA[Login into Orange open source]]>
    </line>
    <line>
      <![CDATA[Validate that you have logged in successfully]]>
    </line>
    <line>
      <![CDATA[Validate that you have logged in successfully]]>
    </line>
    <line>
      <![CDATA[Validate that you have logged in successfully]]>
    </line>
    <line>
      <![CDATA[Click Admin - Go to the admin page]]>
    </line>
    <line>
      <![CDATA[Click Admin - Go to the admin page]]>
    </line>
    <line>
      <![CDATA[Click Admin - Go to the admin page]]>
    </line>
    <line>
      <![CDATA[Search username in field]]>
    </line>
    <line>
      <![CDATA[Click Add]]>
    </line>
    <line>
      <![CDATA[Search username in field]]>
    </line>
    <line>
      <![CDATA[Enter valid Employee Name]]>
    </line>
    <line>
      <![CDATA[Enter valid username]]>
    </line>
    <line>
      <![CDATA[Enter new password and confirm]]>
    </line>
    <line>
      <![CDATA[Verify value in search table]]>
    </line>
    <line>
      <![CDATA[Logout into Orange open source]]>
    </line>
    <line>
      <![CDATA[Click Save]]>
    </line>
    <line>
      <![CDATA[Verify value in search table]]>
    </line>
    <line>
      <![CDATA[Logout into Orange open source]]>
    </line>
    <line>
      <![CDATA[Close Browser]]>
    </line>
    <line>
      <![CDATA[Close Browser]]>
    </line>
    <line>
      <![CDATA[Search username in field]]>
    </line>
    <line>
      <![CDATA[Verify value in search table]]>
    </line>
    <line>
      <![CDATA[Logout into Orange open source]]>
    </line>
    <line>
      <![CDATA[Close Browser]]>
    </line>
  </reporter-output>
  <suite name="QA_Regression" duration-ms="44617" started-at="2021-02-27T12:48:45 COT" finished-at="2021-02-27T12:49:29 COT">
    <groups>
    </groups>
    <test name="TC001" duration-ms="38927" started-at="2021-02-27T12:48:45 COT" finished-at="2021-02-27T12:49:24 COT">
      <class name="com.opensource.admin.qa.TC001_Admin_SearchEmployee_POM">
        <test-method status="PASS" signature="beforeTest()[pri:0, instance:com.opensource.admin.qa.TC001_Admin_SearchEmployee_POM@1046d517]" name="beforeTest" is-config="true" duration-ms="8292" started-at="2021-02-27T12:48:45 COT" finished-at="2021-02-27T12:48:53 COT">
          <reporter-output>
          </reporter-output>
        </test-method> <!-- beforeTest -->
        <test-method status="PASS" signature="TC001_Admin_SearchEmployee_POM_TestScript()[pri:0, instance:com.opensource.admin.qa.TC001_Admin_SearchEmployee_POM@1046d517]" name="TC001_Admin_SearchEmployee_POM_TestScript" duration-ms="29360" started-at="2021-02-27T12:48:53 COT" finished-at="2021-02-27T12:49:22 COT">
          <reporter-output>
            <line>
              <![CDATA[Launching...https://opensource-demo.orangehrmlive.com/]]>
            </line>
            <line>
              <![CDATA[Login into Orange open source]]>
            </line>
            <line>
              <![CDATA[Validate that you have logged in successfully]]>
            </line>
            <line>
              <![CDATA[Click Admin - Go to the admin page]]>
            </line>
            <line>
              <![CDATA[Search username in field]]>
            </line>
            <line>
              <![CDATA[Verify value in search table]]>
            </line>
            <line>
              <![CDATA[Logout into Orange open source]]>
            </line>
          </reporter-output>
        </test-method> <!-- TC001_Admin_SearchEmployee_POM_TestScript -->
        <test-method status="PASS" signature="afterTest()[pri:0, instance:com.opensource.admin.qa.TC001_Admin_SearchEmployee_POM@1046d517]" name="afterTest" is-config="true" duration-ms="1247" started-at="2021-02-27T12:49:22 COT" finished-at="2021-02-27T12:49:24 COT">
          <reporter-output>
            <line>
              <![CDATA[Close Browser]]>
            </line>
          </reporter-output>
        </test-method> <!-- afterTest -->
      </class> <!-- com.opensource.admin.qa.TC001_Admin_SearchEmployee_POM -->
    </test> <!-- TC001 -->
    <test name="TC002" duration-ms="41088" started-at="2021-02-27T12:48:45 COT" finished-at="2021-02-27T12:49:26 COT">
      <class name="com.opensource.admin.qa.TC002_Admin_SearchEmployee_NotExist_POM">
        <test-method status="PASS" signature="beforeTest()[pri:0, instance:com.opensource.admin.qa.TC002_Admin_SearchEmployee_NotExist_POM@3cdf2c61]" name="beforeTest" is-config="true" duration-ms="7195" started-at="2021-02-27T12:48:45 COT" finished-at="2021-02-27T12:48:52 COT">
          <reporter-output>
          </reporter-output>
        </test-method> <!-- beforeTest -->
        <test-method status="PASS" signature="TC002_Admin_SearchEmployee_NotExist_POM_TestScript()[pri:0, instance:com.opensource.admin.qa.TC002_Admin_SearchEmployee_NotExist_POM@3cdf2c61]" name="TC002_Admin_SearchEmployee_NotExist_POM_TestScript" duration-ms="32470" started-at="2021-02-27T12:48:52 COT" finished-at="2021-02-27T12:49:24 COT">
          <reporter-output>
            <line>
              <![CDATA[Launching...https://opensource-demo.orangehrmlive.com/]]>
            </line>
            <line>
              <![CDATA[Login into Orange open source]]>
            </line>
            <line>
              <![CDATA[Validate that you have logged in successfully]]>
            </line>
            <line>
              <![CDATA[Click Admin - Go to the admin page]]>
            </line>
            <line>
              <![CDATA[Search username in field]]>
            </line>
            <line>
              <![CDATA[Verify value in search table]]>
            </line>
            <line>
              <![CDATA[Logout into Orange open source]]>
            </line>
          </reporter-output>
        </test-method> <!-- TC002_Admin_SearchEmployee_NotExist_POM_TestScript -->
        <test-method status="PASS" signature="afterTest()[pri:0, instance:com.opensource.admin.qa.TC002_Admin_SearchEmployee_NotExist_POM@3cdf2c61]" name="afterTest" is-config="true" duration-ms="1304" started-at="2021-02-27T12:49:24 COT" finished-at="2021-02-27T12:49:26 COT">
          <reporter-output>
            <line>
              <![CDATA[Close Browser]]>
            </line>
          </reporter-output>
        </test-method> <!-- afterTest -->
      </class> <!-- com.opensource.admin.qa.TC002_Admin_SearchEmployee_NotExist_POM -->
    </test> <!-- TC002 -->
    <test name="TC003" duration-ms="44617" started-at="2021-02-27T12:48:45 COT" finished-at="2021-02-27T12:49:29 COT">
      <class name="com.opensource.admin.qa.TC003_Admin_AddNewUser_POM">
        <test-method status="PASS" signature="beforeTest()[pri:0, instance:com.opensource.admin.qa.TC003_Admin_AddNewUser_POM@6ce86ce1]" name="beforeTest" is-config="true" duration-ms="7192" started-at="2021-02-27T12:48:45 COT" finished-at="2021-02-27T12:48:52 COT">
          <reporter-output>
          </reporter-output>
        </test-method> <!-- beforeTest -->
        <test-method status="PASS" signature="TC002_Admin_SearchEmployee_NotExist_POM_TestScript()[pri:0, instance:com.opensource.admin.qa.TC003_Admin_AddNewUser_POM@6ce86ce1]" name="TC002_Admin_SearchEmployee_NotExist_POM_TestScript" duration-ms="37018" started-at="2021-02-27T12:48:52 COT" finished-at="2021-02-27T12:49:29 COT">
          <reporter-output>
            <line>
              <![CDATA[Launching...https://opensource-demo.orangehrmlive.com/]]>
            </line>
            <line>
              <![CDATA[Login into Orange open source]]>
            </line>
            <line>
              <![CDATA[Validate that you have logged in successfully]]>
            </line>
            <line>
              <![CDATA[Click Admin - Go to the admin page]]>
            </line>
            <line>
              <![CDATA[Click Add]]>
            </line>
            <line>
              <![CDATA[Enter valid Employee Name]]>
            </line>
            <line>
              <![CDATA[Enter valid username]]>
            </line>
            <line>
              <![CDATA[Enter new password and confirm]]>
            </line>
            <line>
              <![CDATA[Click Save]]>
            </line>
            <line>
              <![CDATA[Search username in field]]>
            </line>
            <line>
              <![CDATA[Verify value in search table]]>
            </line>
            <line>
              <![CDATA[Logout into Orange open source]]>
            </line>
          </reporter-output>
        </test-method> <!-- TC002_Admin_SearchEmployee_NotExist_POM_TestScript -->
        <test-method status="PASS" signature="afterTest()[pri:0, instance:com.opensource.admin.qa.TC003_Admin_AddNewUser_POM@6ce86ce1]" name="afterTest" is-config="true" duration-ms="285" started-at="2021-02-27T12:49:29 COT" finished-at="2021-02-27T12:49:29 COT">
          <reporter-output>
            <line>
              <![CDATA[Close Browser]]>
            </line>
          </reporter-output>
        </test-method> <!-- afterTest -->
      </class> <!-- com.opensource.admin.qa.TC003_Admin_AddNewUser_POM -->
    </test> <!-- TC003 -->
  </suite> <!-- QA_Regression -->
</testng-results>
