<?xml version="1.0" encoding="UTF-8"?>
<!-- Generated by org.testng.reporters.JUnitReportReporter -->
<testsuite skipped="0" hostname="DESKTOP-M2PQ0HF" name="com.opensource.admin.qa.TC002_Admin_SearchEmployee_NotExist" tests="1" failures="0" timestamp="2021-02-16T21:01:33 COT" time="15.582" errors="0">
  <testcase name="TC002_Admin_SearchEmployee_NotExist_TC" time="15.582" classname="com.opensource.admin.qa.TC002_Admin_SearchEmployee_NotExist"/>
  <system-out>
Open Browser "OrangeHRM" web page Enter Username and Password Validate that you have logged in successfully Click Admin - Go to the admin page Search username in field Click Search Verify username is not exist in table Log out Close Browser  </system-out>
</testsuite> <!-- com.opensource.admin.qa.TC002_Admin_SearchEmployee_NotExist -->
